###########
version 1.1
Added option to add extra bowtie2 parameters from a one line file using the '-y' option.
##########

##########
version 1.2
Fixed local alignemnt score issues

1) I added an additional header to the files: "#include <ctype.h>" for the isalpha() function

2) I added an "int bowtie2_local" flag to the parameters that is 0 as default. 

3) If the script finds any instance of "-local" in the extra bowite2 commands specified with -y, the flag is set to 1
if(strstr(parms->bowtie2_params, "-local") != NULL) {
         parms->bowtie2_local = 1;//lorinc
 }
This means, that local alignment is performed.

4) I changed the GetAlignmentScore() function
##########

##########
version 1.3
Fixed local alignemnt score issues where greater than 1 scores can occur
added a --alignstats flag that outputs cigar code, bowtie2 alignment score and number of mismatches
##########

###########
version 1.4
Fixed paired end argument (if paired end was specified, the outout alignment went to the wrong destination
###########
